2021-10-26 13:09:39,845 Initializing SNETnews. Conf file: ./news.ini
2021-10-26 13:09:39,859 Done with configuration for Article section MIN word cout: 30
2021-10-26 13:09:39,859 Done with configuration for Sources setion: Memoize artices :False
2021-10-26 13:09:39,859 Done with configuration for MISC: OP MODE 3
2021-10-26 13:09:39,859  Done with configuration for number of sites: 10
2021-10-26 13:09:39,859  Done with configuration for RSS feed list: 1
2021-10-26 13:09:39,859 Done Initialization
2021-10-26 13:10:22,450 0 articles has jumped because article with the same title already exists
2021-10-26 13:10:22,450 Done with populating the model
2021-10-26 13:13:22,004 Retrieving news from sites. RSS_WITH_NLP Mode: 
2021-10-26 13:13:22,004 Memoize articles is sat False
2021-10-26 13:13:22,630 RSS NLP: Done parsing news, No Articles33
2021-10-26 13:13:53,114 RSS NLP: 0 articles with bad url has jumped
2021-10-26 13:13:53,114 RSS NLP: Done with building a dict, NLP: keyword example: ['emissions', 'mr', 'pledges', 'getting', '2050', 'climate', 'way', 'net', 'wont', 'change', 'understand', 'morrison', 'lectured', 'column', 'zero', 'newspaper', 'wrote', 'australia']
2021-10-26 13:13:53,114 RSS NLP: Done with inserting tag NO NLP: example: rss_nlp
2021-10-26 13:13:53,114 Done retrieving news from sites
2021-10-26 13:13:53,115 delete is done is :False
2021-10-26 13:13:53,424 1 articles has jumped because similar articles already exists
2021-10-26 13:13:53,424 Done with populating the model
2021-10-26 13:17:19,974 Initializing SNETnews. Conf file: ./news.ini
2021-10-26 13:17:19,975 Done with configuration for Article section MIN word cout: 30
2021-10-26 13:17:19,975 Done with configuration for Sources setion: Memoize artices :False
2021-10-26 13:17:19,975 Done with configuration for MISC: OP MODE 3
2021-10-26 13:17:19,976  Done with configuration for number of sites: 10
2021-10-26 13:17:19,976  Done with configuration for RSS feed list: 1
2021-10-26 13:17:19,976 Done Initialization
2021-10-26 13:18:03,998 <class 'list'>--- are the terms to be searched
2021-10-26 13:18:25,712 <class 'list'>--- are the terms to be searched
2021-10-26 13:18:25,726 Starting Search for 1 and top results: 5
2021-10-26 13:18:52,005 <class 'list'>--- are the terms to be searched
2021-10-26 13:18:52,019 Starting Search for 1 and top results: 5
2021-10-26 13:19:04,051 <class 'list'>--- are the terms to be searched
2021-10-26 13:19:04,066 Starting Search for 2 and top results: 5
2021-10-26 13:19:22,805 retrieving 20 trending topics
2021-10-26 13:19:22,822 Starting Search for 20 and top results: 10
2021-10-27 12:24:03,710 Initializing SNETnews. Conf file: ./news.ini
2021-10-27 12:24:03,728 Done with configuration for Article section MIN word cout: 30
2021-10-27 12:24:03,728 Done with configuration for Sources setion: Memoize artices :False
2021-10-27 12:24:03,728 Done with configuration for MISC: OP MODE 3
2021-10-27 12:24:03,728  Done with configuration for number of sites: 10
2021-10-27 12:24:03,729  Done with configuration for RSS feed list: 1
2021-10-27 12:24:03,729 Done Initialization
2021-10-27 15:19:37,932 Initializing SNETnews. Conf file: ./news.ini
2021-10-27 15:19:37,932 Done with configuration for Article section MIN word cout: 30
2021-10-27 15:19:37,933 Done with configuration for Sources setion: Memoize artices :False
2021-10-27 15:19:37,933 Done with configuration for MISC: OP MODE 3
2021-10-27 15:19:37,933  Done with configuration for number of sites: 10
2021-10-27 15:19:37,933  Done with configuration for RSS feed list: 1
2021-10-27 15:19:37,933 Done Initialization
2021-10-27 15:32:50,123 Initializing SNETnews. Conf file: ./news.ini
2021-10-27 15:32:50,124 Done with configuration for Article section MIN word cout: 30
2021-10-27 15:32:50,124 Done with configuration for Sources setion: Memoize artices :False
2021-10-27 15:32:50,124 Done with configuration for MISC: OP MODE 3
2021-10-27 15:32:50,124  Done with configuration for number of sites: 10
2021-10-27 15:32:50,124  Done with configuration for RSS feed list: 1
2021-10-27 15:32:50,124 Done Initialization
2021-10-27 15:32:50,640 Initializing SNETnews. Conf file: ./news.ini
2021-10-27 15:32:50,641 Done with configuration for Article section MIN word cout: 30
2021-10-27 15:32:50,641 Done with configuration for Sources setion: Memoize artices :False
2021-10-27 15:32:50,641 Done with configuration for MISC: OP MODE 3
2021-10-27 15:32:50,642  Done with configuration for number of sites: 10
2021-10-27 15:32:50,642  Done with configuration for RSS feed list: 1
2021-10-27 15:32:50,642 Done Initialization
2021-10-27 15:45:29,226 Initializing SNETnews. Conf file: ./news.ini
2021-10-27 15:45:29,228 Done with configuration for Article section MIN word cout: 30
2021-10-27 15:45:29,228 Done with configuration for Sources setion: Memoize artices :False
2021-10-27 15:45:29,228 Done with configuration for MISC: OP MODE 3
2021-10-27 15:45:29,228  Done with configuration for number of sites: 10
2021-10-27 15:45:29,229  Done with configuration for RSS feed list: 1
2021-10-27 15:45:29,229 Done Initialization
2021-10-27 15:45:30,430 Initializing SNETnews. Conf file: ./news.ini
2021-10-27 15:45:30,431 Done with configuration for Article section MIN word cout: 30
2021-10-27 15:45:30,431 Done with configuration for Sources setion: Memoize artices :False
2021-10-27 15:45:30,431 Done with configuration for MISC: OP MODE 3
2021-10-27 15:45:30,431  Done with configuration for number of sites: 10
2021-10-27 15:45:30,431  Done with configuration for RSS feed list: 1
2021-10-27 15:45:30,431 Done Initialization
2021-10-28 07:12:44,401 Initializing SNETnews. Conf file: ./news.ini
2021-10-28 07:12:44,401 Initializing SNETnews. Conf file: ./news.ini
2021-10-28 07:12:44,402 Done with configuration for Article section MIN word cout: 30
2021-10-28 07:12:44,402 Done with configuration for Article section MIN word cout: 30
2021-10-28 07:12:44,402 Done with configuration for Sources setion: Memoize artices :False
2021-10-28 07:12:44,402 Done with configuration for Sources setion: Memoize artices :False
2021-10-28 07:12:44,402 Done with configuration for MISC: OP MODE 3
2021-10-28 07:12:44,402 Done with configuration for MISC: OP MODE 3
2021-10-28 07:12:44,402  Done with configuration for number of sites: 10
2021-10-28 07:12:44,402  Done with configuration for number of sites: 10
2021-10-28 07:12:44,402  Done with configuration for RSS feed list: 1
2021-10-28 07:12:44,402  Done with configuration for RSS feed list: 1
2021-10-28 07:12:44,402 Done Initialization
2021-10-28 07:12:44,402 Done Initialization
2021-10-28 07:12:50,556 Initializing SNETnews. Conf file: ./news.ini
2021-10-28 07:12:50,557 Done with configuration for Article section MIN word cout: 30
2021-10-28 07:12:50,558 Done with configuration for Sources setion: Memoize artices :False
2021-10-28 07:12:50,558 Done with configuration for MISC: OP MODE 3
2021-10-28 07:12:50,558  Done with configuration for number of sites: 10
2021-10-28 07:12:50,558  Done with configuration for RSS feed list: 1
2021-10-28 07:12:50,558 Done Initialization
2021-10-28 07:15:58,161 0 articles has jumped because article with the same title already exists
2021-10-28 07:15:58,161 Done with populating the model
2021-10-28 07:16:31,693 Sort Type: title, No Articles: 0
2021-10-28 07:16:36,806 Sort Type: title, No Articles: 0
2021-10-28 07:16:42,981 Sort Type: title, No Articles: 0
2021-10-28 07:17:06,897 Retrieving news from sites. RSS_WITH_NLP Mode: 
2021-10-28 07:17:06,897 Memoize articles is sat False
2021-10-28 07:17:07,545 RSS NLP: Done parsing news, No Articles26
2021-10-28 07:17:38,788 RSS NLP: 0 articles with bad url has jumped
2021-10-28 07:17:38,788 RSS NLP: Done with building a dict, NLP: keyword example: ['rock', 'charges', 'prosecutor', 'filed', 'producer', 'night', 'tragic', 'shows', 'alec', 'actor', 'work', 'shock', 'criminal', 'rust', 'named', 'baldwin', 'shooting']
2021-10-28 07:17:38,788 RSS NLP: Done with inserting tag NO NLP: example: rss_nlp
2021-10-28 07:17:38,789 Done retrieving news from sites
2021-10-28 07:17:38,790 delete is done is :False
2021-10-28 07:17:39,055 0 articles has jumped because similar articles already exists
2021-10-28 07:17:39,056 Done with populating the model
2021-10-28 07:17:55,403 Sort Type: title, No Articles: 26
2021-10-28 07:35:36,242 Initializing SNETnews. Conf file: ./news.ini
2021-10-28 07:35:36,243 Done with configuration for Article section MIN word cout: 30
2021-10-28 07:35:36,243 Done with configuration for Sources setion: Memoize artices :False
2021-10-28 07:35:36,243 Done with configuration for MISC: OP MODE 3
2021-10-28 07:35:36,243  Done with configuration for number of sites: 10
2021-10-28 07:35:36,243  Done with configuration for RSS feed list: 1
2021-10-28 07:35:36,243 Done Initialization
2021-10-28 07:35:38,176 Initializing SNETnews. Conf file: ./news.ini
2021-10-28 07:35:38,177 Done with configuration for Article section MIN word cout: 30
2021-10-28 07:35:38,177 Done with configuration for Sources setion: Memoize artices :False
2021-10-28 07:35:38,177 Done with configuration for MISC: OP MODE 3
2021-10-28 07:35:38,177  Done with configuration for number of sites: 10
2021-10-28 07:35:38,178  Done with configuration for RSS feed list: 1
2021-10-28 07:35:38,178 Done Initialization
2021-10-28 07:35:43,824 Initializing SNETnews. Conf file: ./news.ini
2021-10-28 07:35:43,825 Done with configuration for Article section MIN word cout: 30
2021-10-28 07:35:43,825 Done with configuration for Sources setion: Memoize artices :False
2021-10-28 07:35:43,826 Done with configuration for MISC: OP MODE 3
2021-10-28 07:35:43,826  Done with configuration for number of sites: 10
2021-10-28 07:35:43,826  Done with configuration for RSS feed list: 1
2021-10-28 07:35:43,826 Done Initialization
2021-10-28 07:39:07,584 Initializing SNETnews. Conf file: ./news.ini
2021-10-28 07:39:07,584 Done with configuration for Article section MIN word cout: 30
2021-10-28 07:39:07,585 Done with configuration for Sources setion: Memoize artices :False
2021-10-28 07:39:07,585 Done with configuration for MISC: OP MODE 3
2021-10-28 07:39:07,585  Done with configuration for number of sites: 10
2021-10-28 07:39:07,585  Done with configuration for RSS feed list: 1
2021-10-28 07:39:07,585 Done Initialization
2021-10-28 07:39:09,447 Initializing SNETnews. Conf file: ./news.ini
2021-10-28 07:39:09,448 Done with configuration for Article section MIN word cout: 30
2021-10-28 07:39:09,448 Done with configuration for Sources setion: Memoize artices :False
2021-10-28 07:39:09,448 Done with configuration for MISC: OP MODE 3
2021-10-28 07:39:09,448  Done with configuration for number of sites: 10
2021-10-28 07:39:09,448  Done with configuration for RSS feed list: 1
2021-10-28 07:39:09,448 Done Initialization
2021-10-28 07:41:39,901 Initializing SNETnews. Conf file: ./news.ini
2021-10-28 07:41:39,902 Done with configuration for Article section MIN word cout: 30
2021-10-28 07:41:39,902 Done with configuration for Sources setion: Memoize artices :False
2021-10-28 07:41:39,902 Done with configuration for MISC: OP MODE 3
2021-10-28 07:41:39,902  Done with configuration for number of sites: 10
2021-10-28 07:41:39,902  Done with configuration for RSS feed list: 1
2021-10-28 07:41:39,902 Done Initialization
2021-10-28 07:41:41,759 Initializing SNETnews. Conf file: ./news.ini
2021-10-28 07:41:41,760 Done with configuration for Article section MIN word cout: 30
2021-10-28 07:41:41,760 Done with configuration for Sources setion: Memoize artices :False
2021-10-28 07:41:41,760 Done with configuration for MISC: OP MODE 3
2021-10-28 07:41:41,760  Done with configuration for number of sites: 10
2021-10-28 07:41:41,760  Done with configuration for RSS feed list: 1
2021-10-28 07:41:41,760 Done Initialization
2021-10-28 07:44:33,710 Initializing SNETnews. Conf file: ./news.ini
2021-10-28 07:44:33,711 Done with configuration for Article section MIN word cout: 30
2021-10-28 07:44:33,711 Done with configuration for Sources setion: Memoize artices :False
2021-10-28 07:44:33,711 Done with configuration for MISC: OP MODE 3
2021-10-28 07:44:33,711  Done with configuration for number of sites: 10
2021-10-28 07:44:33,711  Done with configuration for RSS feed list: 1
2021-10-28 07:44:33,711 Done Initialization
2021-10-28 07:45:24,395 Initializing SNETnews. Conf file: ./news.ini
2021-10-28 07:45:24,396 Done with configuration for Article section MIN word cout: 30
2021-10-28 07:45:24,397 Done with configuration for Sources setion: Memoize artices :False
2021-10-28 07:45:24,397 Done with configuration for MISC: OP MODE 3
2021-10-28 07:45:24,397  Done with configuration for number of sites: 10
2021-10-28 07:45:24,397  Done with configuration for RSS feed list: 1
2021-10-28 07:45:24,397 Done Initialization
2021-10-28 07:50:09,659 Initializing SNETnews. Conf file: ./news.ini
2021-10-28 07:50:09,660 Done with configuration for Article section MIN word cout: 30
2021-10-28 07:50:09,660 Done with configuration for Sources setion: Memoize artices :False
2021-10-28 07:50:09,660 Done with configuration for MISC: OP MODE 3
2021-10-28 07:50:09,660  Done with configuration for number of sites: 10
2021-10-28 07:50:09,660  Done with configuration for RSS feed list: 1
2021-10-28 07:50:09,661 Done Initialization
2021-10-28 07:50:11,511 Initializing SNETnews. Conf file: ./news.ini
2021-10-28 07:50:11,512 Done with configuration for Article section MIN word cout: 30
2021-10-28 07:50:11,513 Done with configuration for Sources setion: Memoize artices :False
2021-10-28 07:50:11,513 Done with configuration for MISC: OP MODE 3
2021-10-28 07:50:11,513  Done with configuration for number of sites: 10
2021-10-28 07:50:11,513  Done with configuration for RSS feed list: 1
2021-10-28 07:50:11,513 Done Initialization
2021-10-28 07:57:24,463 Initializing SNETnews. Conf file: ./news.ini
2021-10-28 07:57:24,464 Done with configuration for Article section MIN word cout: 30
2021-10-28 07:57:24,464 Done with configuration for Sources setion: Memoize artices :False
2021-10-28 07:57:24,465 Done with configuration for MISC: OP MODE 3
2021-10-28 07:57:24,465  Done with configuration for number of sites: 10
2021-10-28 07:57:24,465  Done with configuration for RSS feed list: 1
2021-10-28 07:57:24,465 Done Initialization
2021-10-28 07:57:26,309 Initializing SNETnews. Conf file: ./news.ini
2021-10-28 07:57:26,311 Done with configuration for Article section MIN word cout: 30
2021-10-28 07:57:26,311 Done with configuration for Sources setion: Memoize artices :False
2021-10-28 07:57:26,311 Done with configuration for MISC: OP MODE 3
2021-10-28 07:57:26,311  Done with configuration for number of sites: 10
2021-10-28 07:57:26,311  Done with configuration for RSS feed list: 1
2021-10-28 07:57:26,311 Done Initialization
2021-10-28 08:04:49,727 Initializing SNETnews. Conf file: ./news.ini
2021-10-28 08:04:49,728 Done with configuration for Article section MIN word cout: 30
2021-10-28 08:04:49,728 Done with configuration for Sources setion: Memoize artices :False
2021-10-28 08:04:49,728 Done with configuration for MISC: OP MODE 3
2021-10-28 08:04:49,728  Done with configuration for number of sites: 10
2021-10-28 08:04:49,728  Done with configuration for RSS feed list: 1
2021-10-28 08:04:49,728 Done Initialization
2021-10-28 08:04:51,597 Initializing SNETnews. Conf file: ./news.ini
2021-10-28 08:04:51,598 Done with configuration for Article section MIN word cout: 30
2021-10-28 08:04:51,598 Done with configuration for Sources setion: Memoize artices :False
2021-10-28 08:04:51,598 Done with configuration for MISC: OP MODE 3
2021-10-28 08:04:51,598  Done with configuration for number of sites: 10
2021-10-28 08:04:51,598  Done with configuration for RSS feed list: 1
2021-10-28 08:04:51,598 Done Initialization
2021-10-28 08:09:07,561 Initializing SNETnews. Conf file: ./news.ini
2021-10-28 08:09:07,562 Done with configuration for Article section MIN word cout: 30
2021-10-28 08:09:07,562 Done with configuration for Sources setion: Memoize artices :False
2021-10-28 08:09:07,562 Done with configuration for MISC: OP MODE 3
2021-10-28 08:09:07,562  Done with configuration for number of sites: 10
2021-10-28 08:09:07,562  Done with configuration for RSS feed list: 1
2021-10-28 08:09:07,562 Done Initialization
2021-10-28 08:09:09,445 Initializing SNETnews. Conf file: ./news.ini
2021-10-28 08:09:09,446 Done with configuration for Article section MIN word cout: 30
2021-10-28 08:09:09,446 Done with configuration for Sources setion: Memoize artices :False
2021-10-28 08:09:09,446 Done with configuration for MISC: OP MODE 3
2021-10-28 08:09:09,446  Done with configuration for number of sites: 10
2021-10-28 08:09:09,446  Done with configuration for RSS feed list: 1
2021-10-28 08:09:09,446 Done Initialization
2021-10-28 08:32:52,249 Initializing SNETnews. Conf file: ./news.ini
2021-10-28 08:32:52,249 Done with configuration for Article section MIN word cout: 30
2021-10-28 08:32:52,250 Done with configuration for Sources setion: Memoize artices :False
2021-10-28 08:32:52,250 Done with configuration for MISC: OP MODE 3
2021-10-28 08:32:52,250  Done with configuration for number of sites: 10
2021-10-28 08:32:52,250  Done with configuration for RSS feed list: 1
2021-10-28 08:32:52,250 Done Initialization
2021-10-28 08:32:54,711 Initializing SNETnews. Conf file: ./news.ini
2021-10-28 08:32:54,712 Done with configuration for Article section MIN word cout: 30
2021-10-28 08:32:54,712 Done with configuration for Sources setion: Memoize artices :False
2021-10-28 08:32:54,712 Done with configuration for MISC: OP MODE 3
2021-10-28 08:32:54,712  Done with configuration for number of sites: 10
2021-10-28 08:32:54,712  Done with configuration for RSS feed list: 1
2021-10-28 08:32:54,712 Done Initialization
2021-10-28 08:39:52,915 Initializing SNETnews. Conf file: ./news.ini
2021-10-28 08:39:52,916 Done with configuration for Article section MIN word cout: 30
2021-10-28 08:39:52,916 Done with configuration for Sources setion: Memoize artices :False
2021-10-28 08:39:52,916 Done with configuration for MISC: OP MODE 3
2021-10-28 08:39:52,916  Done with configuration for number of sites: 10
2021-10-28 08:39:52,916  Done with configuration for RSS feed list: 1
2021-10-28 08:39:52,917 Done Initialization
2021-10-28 08:39:58,953 Initializing SNETnews. Conf file: ./news.ini
2021-10-28 08:39:58,954 Done with configuration for Article section MIN word cout: 30
2021-10-28 08:39:58,955 Done with configuration for Sources setion: Memoize artices :False
2021-10-28 08:39:58,955 Done with configuration for MISC: OP MODE 3
2021-10-28 08:39:58,955  Done with configuration for number of sites: 10
2021-10-28 08:39:58,955  Done with configuration for RSS feed list: 1
2021-10-28 08:39:58,955 Done Initialization
2021-10-28 08:41:53,164 Initializing SNETnews. Conf file: ./news.ini
2021-10-28 08:41:53,165 Done with configuration for Article section MIN word cout: 30
2021-10-28 08:41:53,165 Done with configuration for Sources setion: Memoize artices :False
2021-10-28 08:41:53,165 Done with configuration for MISC: OP MODE 3
2021-10-28 08:41:53,165  Done with configuration for number of sites: 10
2021-10-28 08:41:53,165  Done with configuration for RSS feed list: 1
2021-10-28 08:41:53,165 Done Initialization
2021-10-28 08:41:55,002 Initializing SNETnews. Conf file: ./news.ini
2021-10-28 08:41:55,003 Done with configuration for Article section MIN word cout: 30
2021-10-28 08:41:55,003 Done with configuration for Sources setion: Memoize artices :False
2021-10-28 08:41:55,003 Done with configuration for MISC: OP MODE 3
2021-10-28 08:41:55,003  Done with configuration for number of sites: 10
2021-10-28 08:41:55,003  Done with configuration for RSS feed list: 1
2021-10-28 08:41:55,004 Done Initialization
2021-10-28 08:44:56,405 Initializing SNETnews. Conf file: ./news.ini
2021-10-28 08:44:56,405 Done with configuration for Article section MIN word cout: 30
2021-10-28 08:44:56,406 Done with configuration for Sources setion: Memoize artices :False
2021-10-28 08:44:56,406 Done with configuration for MISC: OP MODE 3
2021-10-28 08:44:56,406  Done with configuration for number of sites: 10
2021-10-28 08:44:56,406  Done with configuration for RSS feed list: 1
2021-10-28 08:44:56,406 Done Initialization
2021-10-28 08:44:58,243 Initializing SNETnews. Conf file: ./news.ini
2021-10-28 08:44:58,244 Done with configuration for Article section MIN word cout: 30
2021-10-28 08:44:58,244 Done with configuration for Sources setion: Memoize artices :False
2021-10-28 08:44:58,245 Done with configuration for MISC: OP MODE 3
2021-10-28 08:44:58,245  Done with configuration for number of sites: 10
2021-10-28 08:44:58,245  Done with configuration for RSS feed list: 1
2021-10-28 08:44:58,245 Done Initialization
2021-10-28 08:49:12,783 Initializing SNETnews. Conf file: ./news.ini
2021-10-28 08:49:12,784 Done with configuration for Article section MIN word cout: 30
2021-10-28 08:49:12,784 Done with configuration for Sources setion: Memoize artices :False
2021-10-28 08:49:12,784 Done with configuration for MISC: OP MODE 3
2021-10-28 08:49:12,784  Done with configuration for number of sites: 10
2021-10-28 08:49:12,784  Done with configuration for RSS feed list: 1
2021-10-28 08:49:12,784 Done Initialization
2021-10-28 08:50:01,736 Initializing SNETnews. Conf file: ./news.ini
2021-10-28 08:50:01,736 Done with configuration for Article section MIN word cout: 30
2021-10-28 08:50:01,737 Done with configuration for Sources setion: Memoize artices :False
2021-10-28 08:50:01,737 Done with configuration for MISC: OP MODE 3
2021-10-28 08:50:01,737  Done with configuration for number of sites: 10
2021-10-28 08:50:01,737  Done with configuration for RSS feed list: 1
2021-10-28 08:50:01,737 Done Initialization
2021-10-28 08:50:03,581 Initializing SNETnews. Conf file: ./news.ini
2021-10-28 08:50:03,582 Done with configuration for Article section MIN word cout: 30
2021-10-28 08:50:03,583 Done with configuration for Sources setion: Memoize artices :False
2021-10-28 08:50:03,583 Done with configuration for MISC: OP MODE 3
2021-10-28 08:50:03,583  Done with configuration for number of sites: 10
2021-10-28 08:50:03,583  Done with configuration for RSS feed list: 1
2021-10-28 08:50:03,583 Done Initialization
2021-10-28 08:54:30,350 Initializing SNETnews. Conf file: ./news.ini
2021-10-28 08:54:30,351 Done with configuration for Article section MIN word cout: 30
2021-10-28 08:54:30,351 Done with configuration for Sources setion: Memoize artices :False
2021-10-28 08:54:30,351 Done with configuration for MISC: OP MODE 3
2021-10-28 08:54:30,351  Done with configuration for number of sites: 10
2021-10-28 08:54:30,351  Done with configuration for RSS feed list: 1
2021-10-28 08:54:30,351 Done Initialization
2021-10-28 08:54:32,163 Initializing SNETnews. Conf file: ./news.ini
2021-10-28 08:54:32,165 Done with configuration for Article section MIN word cout: 30
2021-10-28 08:54:32,165 Done with configuration for Sources setion: Memoize artices :False
2021-10-28 08:54:32,165 Done with configuration for MISC: OP MODE 3
2021-10-28 08:54:32,165  Done with configuration for number of sites: 10
2021-10-28 08:54:32,165  Done with configuration for RSS feed list: 1
2021-10-28 08:54:32,165 Done Initialization
2021-10-28 09:00:15,289 Initializing SNETnews. Conf file: ./news.ini
2021-10-28 09:00:15,290 Done with configuration for Article section MIN word cout: 30
2021-10-28 09:00:15,290 Done with configuration for Sources setion: Memoize artices :False
2021-10-28 09:00:15,290 Done with configuration for MISC: OP MODE 3
2021-10-28 09:00:15,290  Done with configuration for number of sites: 10
2021-10-28 09:00:15,290  Done with configuration for RSS feed list: 1
2021-10-28 09:00:15,290 Done Initialization
2021-10-28 09:00:59,409 Initializing SNETnews. Conf file: ./news.ini
2021-10-28 09:00:59,410 Done with configuration for Article section MIN word cout: 30
2021-10-28 09:00:59,410 Done with configuration for Sources setion: Memoize artices :False
2021-10-28 09:00:59,410 Done with configuration for MISC: OP MODE 3
2021-10-28 09:00:59,410  Done with configuration for number of sites: 10
2021-10-28 09:00:59,410  Done with configuration for RSS feed list: 1
2021-10-28 09:00:59,410 Done Initialization
2021-10-28 09:01:01,245 Initializing SNETnews. Conf file: ./news.ini
2021-10-28 09:01:01,246 Done with configuration for Article section MIN word cout: 30
2021-10-28 09:01:01,246 Done with configuration for Sources setion: Memoize artices :False
2021-10-28 09:01:01,246 Done with configuration for MISC: OP MODE 3
2021-10-28 09:01:01,246  Done with configuration for number of sites: 10
2021-10-28 09:01:01,246  Done with configuration for RSS feed list: 1
2021-10-28 09:01:01,246 Done Initialization
2021-10-28 09:02:43,561 Initializing SNETnews. Conf file: ./news.ini
2021-10-28 09:02:43,562 Done with configuration for Article section MIN word cout: 30
2021-10-28 09:02:43,562 Done with configuration for Sources setion: Memoize artices :False
2021-10-28 09:02:43,562 Done with configuration for MISC: OP MODE 3
2021-10-28 09:02:43,562  Done with configuration for number of sites: 10
2021-10-28 09:02:43,562  Done with configuration for RSS feed list: 1
2021-10-28 09:02:43,562 Done Initialization
2021-10-28 09:02:45,392 Initializing SNETnews. Conf file: ./news.ini
2021-10-28 09:02:45,393 Done with configuration for Article section MIN word cout: 30
2021-10-28 09:02:45,394 Done with configuration for Sources setion: Memoize artices :False
2021-10-28 09:02:45,394 Done with configuration for MISC: OP MODE 3
2021-10-28 09:02:45,394  Done with configuration for number of sites: 10
2021-10-28 09:02:45,394  Done with configuration for RSS feed list: 1
2021-10-28 09:02:45,394 Done Initialization
2021-10-28 09:04:54,294 Initializing SNETnews. Conf file: ./news.ini
2021-10-28 09:04:54,295 Done with configuration for Article section MIN word cout: 30
2021-10-28 09:04:54,295 Done with configuration for Sources setion: Memoize artices :False
2021-10-28 09:04:54,295 Done with configuration for MISC: OP MODE 3
2021-10-28 09:04:54,296  Done with configuration for number of sites: 10
2021-10-28 09:04:54,296  Done with configuration for RSS feed list: 1
2021-10-28 09:04:54,296 Done Initialization
2021-10-28 09:05:59,232 Initializing SNETnews. Conf file: ./news.ini
2021-10-28 09:05:59,233 Done with configuration for Article section MIN word cout: 30
2021-10-28 09:05:59,233 Done with configuration for Sources setion: Memoize artices :False
2021-10-28 09:05:59,233 Done with configuration for MISC: OP MODE 3
2021-10-28 09:05:59,233  Done with configuration for number of sites: 10
2021-10-28 09:05:59,233  Done with configuration for RSS feed list: 1
2021-10-28 09:05:59,234 Done Initialization
2021-10-28 09:06:01,064 Initializing SNETnews. Conf file: ./news.ini
2021-10-28 09:06:01,065 Done with configuration for Article section MIN word cout: 30
2021-10-28 09:06:01,065 Done with configuration for Sources setion: Memoize artices :False
2021-10-28 09:06:01,065 Done with configuration for MISC: OP MODE 3
2021-10-28 09:06:01,065  Done with configuration for number of sites: 10
2021-10-28 09:06:01,065  Done with configuration for RSS feed list: 1
2021-10-28 09:06:01,065 Done Initialization
2021-10-28 09:08:18,186 Initializing SNETnews. Conf file: ./news.ini
2021-10-28 09:08:18,187 Done with configuration for Article section MIN word cout: 30
2021-10-28 09:08:18,187 Done with configuration for Sources setion: Memoize artices :False
2021-10-28 09:08:18,187 Done with configuration for MISC: OP MODE 3
2021-10-28 09:08:18,187  Done with configuration for number of sites: 10
2021-10-28 09:08:18,187  Done with configuration for RSS feed list: 1
2021-10-28 09:08:18,187 Done Initialization
2021-10-28 09:10:36,169 Initializing SNETnews. Conf file: ./news.ini
2021-10-28 09:10:36,169 Done with configuration for Article section MIN word cout: 30
2021-10-28 09:10:36,170 Done with configuration for Sources setion: Memoize artices :False
2021-10-28 09:10:36,170 Done with configuration for MISC: OP MODE 3
2021-10-28 09:10:36,170  Done with configuration for number of sites: 10
2021-10-28 09:10:36,170  Done with configuration for RSS feed list: 1
2021-10-28 09:10:36,170 Done Initialization
2021-10-28 09:11:23,406 Initializing SNETnews. Conf file: ./news.ini
2021-10-28 09:11:23,407 Done with configuration for Article section MIN word cout: 30
2021-10-28 09:11:23,407 Done with configuration for Sources setion: Memoize artices :False
2021-10-28 09:11:23,407 Done with configuration for MISC: OP MODE 3
2021-10-28 09:11:23,407  Done with configuration for number of sites: 10
2021-10-28 09:11:23,407  Done with configuration for RSS feed list: 1
2021-10-28 09:11:23,407 Done Initialization
2021-10-28 09:12:52,672 Initializing SNETnews. Conf file: ./news.ini
2021-10-28 09:12:52,673 Done with configuration for Article section MIN word cout: 30
2021-10-28 09:12:52,673 Done with configuration for Sources setion: Memoize artices :False
2021-10-28 09:12:52,673 Done with configuration for MISC: OP MODE 3
2021-10-28 09:12:52,673  Done with configuration for number of sites: 10
2021-10-28 09:12:52,673  Done with configuration for RSS feed list: 1
2021-10-28 09:12:52,673 Done Initialization
2021-10-28 09:16:29,569 Initializing SNETnews. Conf file: ./news.ini
2021-10-28 09:16:29,570 Done with configuration for Article section MIN word cout: 30
2021-10-28 09:16:29,570 Done with configuration for Sources setion: Memoize artices :False
2021-10-28 09:16:29,570 Done with configuration for MISC: OP MODE 3
2021-10-28 09:16:29,570  Done with configuration for number of sites: 10
2021-10-28 09:16:29,570  Done with configuration for RSS feed list: 1
2021-10-28 09:16:29,570 Done Initialization
2021-10-28 10:27:22,682 Initializing SNETnews. Conf file: ./news.ini
2021-10-28 10:27:22,683 Done with configuration for Article section MIN word cout: 30
2021-10-28 10:27:22,683 Done with configuration for Sources setion: Memoize artices :False
2021-10-28 10:27:22,683 Done with configuration for MISC: OP MODE 3
2021-10-28 10:27:22,684  Done with configuration for number of sites: 10
2021-10-28 10:27:22,684  Done with configuration for RSS feed list: 1
2021-10-28 10:27:22,684 Done Initialization
2021-10-28 10:29:10,780 Initializing SNETnews. Conf file: ./news.ini
2021-10-28 10:29:10,781 Done with configuration for Article section MIN word cout: 30
2021-10-28 10:29:10,781 Done with configuration for Sources setion: Memoize artices :False
2021-10-28 10:29:10,781 Done with configuration for MISC: OP MODE 3
2021-10-28 10:29:10,781  Done with configuration for number of sites: 10
2021-10-28 10:29:10,781  Done with configuration for RSS feed list: 1
2021-10-28 10:29:10,781 Done Initialization
2021-10-28 10:30:35,346 Initializing SNETnews. Conf file: ./news.ini
2021-10-28 10:30:35,347 Done with configuration for Article section MIN word cout: 30
2021-10-28 10:30:35,347 Done with configuration for Sources setion: Memoize artices :False
2021-10-28 10:30:35,347 Done with configuration for MISC: OP MODE 3
2021-10-28 10:30:35,347  Done with configuration for number of sites: 10
2021-10-28 10:30:35,347  Done with configuration for RSS feed list: 1
2021-10-28 10:30:35,347 Done Initialization
2021-10-28 10:32:10,420 Initializing SNETnews. Conf file: ./news.ini
2021-10-28 10:32:10,421 Done with configuration for Article section MIN word cout: 30
2021-10-28 10:32:10,421 Done with configuration for Sources setion: Memoize artices :False
2021-10-28 10:32:10,422 Done with configuration for MISC: OP MODE 3
2021-10-28 10:32:10,422  Done with configuration for number of sites: 10
2021-10-28 10:32:10,422  Done with configuration for RSS feed list: 1
2021-10-28 10:32:10,422 Done Initialization
2021-10-28 10:32:11,543 Initializing SNETnews. Conf file: ./news.ini
2021-10-28 10:32:11,544 Done with configuration for Article section MIN word cout: 30
2021-10-28 10:32:11,544 Done with configuration for Sources setion: Memoize artices :False
2021-10-28 10:32:11,544 Done with configuration for MISC: OP MODE 3
2021-10-28 10:32:11,544  Done with configuration for number of sites: 10
2021-10-28 10:32:11,544  Done with configuration for RSS feed list: 1
2021-10-28 10:32:11,544 Done Initialization
2021-10-28 10:40:11,080 Initializing SNETnews. Conf file: ./news.ini
2021-10-28 10:40:11,081 Done with configuration for Article section MIN word cout: 30
2021-10-28 10:40:11,082 Done with configuration for Sources setion: Memoize artices :False
2021-10-28 10:40:11,082 Done with configuration for MISC: OP MODE 3
2021-10-28 10:40:11,082  Done with configuration for number of sites: 10
2021-10-28 10:40:11,082  Done with configuration for RSS feed list: 1
2021-10-28 10:40:11,082 Done Initialization
2021-10-28 10:40:11,918 Initializing SNETnews. Conf file: ./news.ini
2021-10-28 10:40:11,919 Done with configuration for Article section MIN word cout: 30
2021-10-28 10:40:11,920 Done with configuration for Sources setion: Memoize artices :False
2021-10-28 10:40:11,920 Done with configuration for MISC: OP MODE 3
2021-10-28 10:40:11,920  Done with configuration for number of sites: 10
2021-10-28 10:40:11,920  Done with configuration for RSS feed list: 1
2021-10-28 10:40:11,920 Done Initialization
2021-10-28 10:44:36,019 Initializing SNETnews. Conf file: ./news.ini
2021-10-28 10:44:36,020 Done with configuration for Article section MIN word cout: 30
2021-10-28 10:44:36,020 Done with configuration for Sources setion: Memoize artices :False
2021-10-28 10:44:36,020 Done with configuration for MISC: OP MODE 3
2021-10-28 10:44:36,020  Done with configuration for number of sites: 10
2021-10-28 10:44:36,020  Done with configuration for RSS feed list: 1
2021-10-28 10:44:36,021 Done Initialization
2021-10-28 10:44:37,207 Initializing SNETnews. Conf file: ./news.ini
2021-10-28 10:44:37,208 Done with configuration for Article section MIN word cout: 30
2021-10-28 10:44:37,208 Done with configuration for Sources setion: Memoize artices :False
2021-10-28 10:44:37,208 Done with configuration for MISC: OP MODE 3
2021-10-28 10:44:37,208  Done with configuration for number of sites: 10
2021-10-28 10:44:37,208  Done with configuration for RSS feed list: 1
2021-10-28 10:44:37,208 Done Initialization
2021-10-28 10:44:42,532 Initializing SNETnews. Conf file: ./news.ini
2021-10-28 10:44:42,533 Done with configuration for Article section MIN word cout: 30
2021-10-28 10:44:42,534 Done with configuration for Sources setion: Memoize artices :False
2021-10-28 10:44:42,534 Done with configuration for MISC: OP MODE 3
2021-10-28 10:44:42,534  Done with configuration for number of sites: 10
2021-10-28 10:44:42,534  Done with configuration for RSS feed list: 1
2021-10-28 10:44:42,534 Done Initialization
2021-10-28 10:49:24,102 Initializing SNETnews. Conf file: ./news.ini
2021-10-28 10:49:24,102 Done with configuration for Article section MIN word cout: 30
2021-10-28 10:49:24,103 Done with configuration for Sources setion: Memoize artices :False
2021-10-28 10:49:24,103 Done with configuration for MISC: OP MODE 3
2021-10-28 10:49:24,103  Done with configuration for number of sites: 10
2021-10-28 10:49:24,103  Done with configuration for RSS feed list: 1
2021-10-28 10:49:24,103 Done Initialization
2021-10-28 10:49:29,348 Initializing SNETnews. Conf file: ./news.ini
2021-10-28 10:49:29,349 Done with configuration for Article section MIN word cout: 30
2021-10-28 10:49:29,349 Done with configuration for Sources setion: Memoize artices :False
2021-10-28 10:49:29,349 Done with configuration for MISC: OP MODE 3
2021-10-28 10:49:29,349  Done with configuration for number of sites: 10
2021-10-28 10:49:29,349  Done with configuration for RSS feed list: 1
2021-10-28 10:49:29,349 Done Initialization
2021-10-28 10:51:16,204 Initializing SNETnews. Conf file: ./news.ini
2021-10-28 10:51:16,205 Done with configuration for Article section MIN word cout: 30
2021-10-28 10:51:16,205 Done with configuration for Sources setion: Memoize artices :False
2021-10-28 10:51:16,205 Done with configuration for MISC: OP MODE 3
2021-10-28 10:51:16,205  Done with configuration for number of sites: 10
2021-10-28 10:51:16,205  Done with configuration for RSS feed list: 1
2021-10-28 10:51:16,205 Done Initialization
2021-10-28 10:52:22,315 Initializing SNETnews. Conf file: ./news.ini
2021-10-28 10:52:22,316 Done with configuration for Article section MIN word cout: 30
2021-10-28 10:52:22,316 Done with configuration for Sources setion: Memoize artices :False
2021-10-28 10:52:22,316 Done with configuration for MISC: OP MODE 3
2021-10-28 10:52:22,316  Done with configuration for number of sites: 10
2021-10-28 10:52:22,316  Done with configuration for RSS feed list: 1
2021-10-28 10:52:22,316 Done Initialization
2021-10-28 10:53:57,080 Initializing SNETnews. Conf file: ./news.ini
2021-10-28 10:53:57,081 Done with configuration for Article section MIN word cout: 30
2021-10-28 10:53:57,081 Done with configuration for Sources setion: Memoize artices :False
2021-10-28 10:53:57,081 Done with configuration for MISC: OP MODE 3
2021-10-28 10:53:57,081  Done with configuration for number of sites: 10
2021-10-28 10:53:57,081  Done with configuration for RSS feed list: 1
2021-10-28 10:53:57,081 Done Initialization
2021-10-28 10:53:58,016 Initializing SNETnews. Conf file: ./news.ini
2021-10-28 10:53:58,017 Done with configuration for Article section MIN word cout: 30
2021-10-28 10:53:58,017 Done with configuration for Sources setion: Memoize artices :False
2021-10-28 10:53:58,017 Done with configuration for MISC: OP MODE 3
2021-10-28 10:53:58,018  Done with configuration for number of sites: 10
2021-10-28 10:53:58,018  Done with configuration for RSS feed list: 1
2021-10-28 10:53:58,018 Done Initialization
2021-10-28 10:57:32,201 Initializing SNETnews. Conf file: ./news.ini
2021-10-28 10:57:32,202 Done with configuration for Article section MIN word cout: 30
2021-10-28 10:57:32,202 Done with configuration for Sources setion: Memoize artices :False
2021-10-28 10:57:32,202 Done with configuration for MISC: OP MODE 3
2021-10-28 10:57:32,202  Done with configuration for number of sites: 10
2021-10-28 10:57:32,202  Done with configuration for RSS feed list: 1
2021-10-28 10:57:32,202 Done Initialization
2021-10-28 10:57:33,640 Initializing SNETnews. Conf file: ./news.ini
2021-10-28 10:57:33,641 Done with configuration for Article section MIN word cout: 30
2021-10-28 10:57:33,641 Done with configuration for Sources setion: Memoize artices :False
2021-10-28 10:57:33,642 Done with configuration for MISC: OP MODE 3
2021-10-28 10:57:33,642  Done with configuration for number of sites: 10
2021-10-28 10:57:33,642  Done with configuration for RSS feed list: 1
2021-10-28 10:57:33,642 Done Initialization
2021-10-28 11:01:55,308 Initializing SNETnews. Conf file: ./news.ini
2021-10-28 11:01:55,308 Done with configuration for Article section MIN word cout: 30
2021-10-28 11:01:55,309 Done with configuration for Sources setion: Memoize artices :False
2021-10-28 11:01:55,309 Done with configuration for MISC: OP MODE 3
2021-10-28 11:01:55,309  Done with configuration for number of sites: 10
2021-10-28 11:01:55,309  Done with configuration for RSS feed list: 1
2021-10-28 11:01:55,309 Done Initialization
2021-10-28 11:01:56,823 Initializing SNETnews. Conf file: ./news.ini
2021-10-28 11:01:56,824 Done with configuration for Article section MIN word cout: 30
2021-10-28 11:01:56,824 Done with configuration for Sources setion: Memoize artices :False
2021-10-28 11:01:56,824 Done with configuration for MISC: OP MODE 3
2021-10-28 11:01:56,824  Done with configuration for number of sites: 10
2021-10-28 11:01:56,824  Done with configuration for RSS feed list: 1
2021-10-28 11:01:56,825 Done Initialization
2021-10-28 11:11:47,828 Initializing SNETnews. Conf file: ./news.ini
2021-10-28 11:11:47,829 Done with configuration for Article section MIN word cout: 30
2021-10-28 11:11:47,829 Done with configuration for Sources setion: Memoize artices :False
2021-10-28 11:11:47,829 Done with configuration for MISC: OP MODE 3
2021-10-28 11:11:47,829  Done with configuration for number of sites: 10
2021-10-28 11:11:47,829  Done with configuration for RSS feed list: 1
2021-10-28 11:11:47,829 Done Initialization
2021-10-28 11:13:28,261 Initializing SNETnews. Conf file: ./news.ini
2021-10-28 11:13:28,262 Done with configuration for Article section MIN word cout: 30
2021-10-28 11:13:28,262 Done with configuration for Sources setion: Memoize artices :False
2021-10-28 11:13:28,262 Done with configuration for MISC: OP MODE 3
2021-10-28 11:13:28,262  Done with configuration for number of sites: 10
2021-10-28 11:13:28,262  Done with configuration for RSS feed list: 1
2021-10-28 11:13:28,262 Done Initialization
2021-10-28 11:15:45,632 Initializing SNETnews. Conf file: ./news.ini
2021-10-28 11:15:45,633 Done with configuration for Article section MIN word cout: 30
2021-10-28 11:15:45,633 Done with configuration for Sources setion: Memoize artices :False
2021-10-28 11:15:45,633 Done with configuration for MISC: OP MODE 3
2021-10-28 11:15:45,633  Done with configuration for number of sites: 10
2021-10-28 11:15:45,633  Done with configuration for RSS feed list: 1
2021-10-28 11:15:45,634 Done Initialization
2021-10-28 11:18:18,870 Initializing SNETnews. Conf file: ./news.ini
2021-10-28 11:18:18,871 Done with configuration for Article section MIN word cout: 30
2021-10-28 11:18:18,871 Done with configuration for Sources setion: Memoize artices :False
2021-10-28 11:18:18,871 Done with configuration for MISC: OP MODE 3
2021-10-28 11:18:18,871  Done with configuration for number of sites: 10
2021-10-28 11:18:18,871  Done with configuration for RSS feed list: 1
2021-10-28 11:18:18,871 Done Initialization
2021-10-28 11:19:52,049 Initializing SNETnews. Conf file: ./news.ini
2021-10-28 11:19:52,050 Done with configuration for Article section MIN word cout: 30
2021-10-28 11:19:52,051 Done with configuration for Sources setion: Memoize artices :False
2021-10-28 11:19:52,051 Done with configuration for MISC: OP MODE 3
2021-10-28 11:19:52,051  Done with configuration for number of sites: 10
2021-10-28 11:19:52,051  Done with configuration for RSS feed list: 1
2021-10-28 11:19:52,051 Done Initialization
2021-10-28 11:23:35,650 Initializing SNETnews. Conf file: ./news.ini
2021-10-28 11:23:35,651 Done with configuration for Article section MIN word cout: 30
2021-10-28 11:23:35,651 Done with configuration for Sources setion: Memoize artices :False
2021-10-28 11:23:35,651 Done with configuration for MISC: OP MODE 3
2021-10-28 11:23:35,651  Done with configuration for number of sites: 10
2021-10-28 11:23:35,651  Done with configuration for RSS feed list: 1
2021-10-28 11:23:35,651 Done Initialization
2021-10-28 11:26:57,639 Initializing SNETnews. Conf file: ./news.ini
2021-10-28 11:26:57,640 Done with configuration for Article section MIN word cout: 30
2021-10-28 11:26:57,641 Done with configuration for Sources setion: Memoize artices :False
2021-10-28 11:26:57,641 Done with configuration for MISC: OP MODE 3
2021-10-28 11:26:57,641  Done with configuration for number of sites: 10
2021-10-28 11:26:57,641  Done with configuration for RSS feed list: 1
2021-10-28 11:26:57,641 Done Initialization
2021-10-28 11:32:45,446 Initializing SNETnews. Conf file: ./news.ini
2021-10-28 11:32:45,447 Done with configuration for Article section MIN word cout: 30
2021-10-28 11:32:45,447 Done with configuration for Sources setion: Memoize artices :False
2021-10-28 11:32:45,447 Done with configuration for MISC: OP MODE 3
2021-10-28 11:32:45,447  Done with configuration for number of sites: 10
2021-10-28 11:32:45,448  Done with configuration for RSS feed list: 1
2021-10-28 11:32:45,448 Done Initialization
2021-10-28 11:48:26,584 Initializing SNETnews. Conf file: ./news.ini
2021-10-28 11:48:26,585 Done with configuration for Article section MIN word cout: 30
2021-10-28 11:48:26,585 Done with configuration for Sources setion: Memoize artices :False
2021-10-28 11:48:26,585 Done with configuration for MISC: OP MODE 3
2021-10-28 11:48:26,585  Done with configuration for number of sites: 10
2021-10-28 11:48:26,585  Done with configuration for RSS feed list: 1
2021-10-28 11:48:26,585 Done Initialization
2021-10-28 11:48:28,000 Initializing SNETnews. Conf file: ./news.ini
2021-10-28 11:48:28,001 Done with configuration for Article section MIN word cout: 30
2021-10-28 11:48:28,001 Done with configuration for Sources setion: Memoize artices :False
2021-10-28 11:48:28,002 Done with configuration for MISC: OP MODE 3
2021-10-28 11:48:28,002  Done with configuration for number of sites: 10
2021-10-28 11:48:28,002  Done with configuration for RSS feed list: 1
2021-10-28 11:48:28,002 Done Initialization
2021-10-28 11:57:15,017 Initializing SNETnews. Conf file: ./news.ini
2021-10-28 11:57:15,018 Done with configuration for Article section MIN word cout: 30
2021-10-28 11:57:15,018 Done with configuration for Sources setion: Memoize artices :False
2021-10-28 11:57:15,018 Done with configuration for MISC: OP MODE 3
2021-10-28 11:57:15,018  Done with configuration for number of sites: 10
2021-10-28 11:57:15,018  Done with configuration for RSS feed list: 1
2021-10-28 11:57:15,018 Done Initialization
2021-10-28 11:57:16,192 Initializing SNETnews. Conf file: ./news.ini
2021-10-28 11:57:16,193 Done with configuration for Article section MIN word cout: 30
2021-10-28 11:57:16,193 Done with configuration for Sources setion: Memoize artices :False
2021-10-28 11:57:16,193 Done with configuration for MISC: OP MODE 3
2021-10-28 11:57:16,193  Done with configuration for number of sites: 10
2021-10-28 11:57:16,193  Done with configuration for RSS feed list: 1
2021-10-28 11:57:16,193 Done Initialization
2021-10-28 11:57:20,239 Initializing SNETnews. Conf file: ./news.ini
2021-10-28 11:57:20,241 Done with configuration for Article section MIN word cout: 30
2021-10-28 11:57:20,241 Done with configuration for Sources setion: Memoize artices :False
2021-10-28 11:57:20,241 Done with configuration for MISC: OP MODE 3
2021-10-28 11:57:20,241  Done with configuration for number of sites: 10
2021-10-28 11:57:20,241  Done with configuration for RSS feed list: 1
2021-10-28 11:57:20,241 Done Initialization
2021-10-28 11:58:31,675 Retrieving news from sites. RSS_WITH_NLP Mode: 
2021-10-28 11:58:31,675 Memoize articles is sat False
2021-10-28 11:58:32,769 RSS NLP: Done parsing news, No Articles26
2021-10-28 11:59:05,002 RSS NLP: 0 articles with bad url has jumped
2021-10-28 11:59:05,002 RSS NLP: Done with building a dict, NLP: keyword example: ['major', 'doubt', 'products', 'industry', 'climate', 'change', 'oil', 'congress', 'harm', 'quizzed', 'effects', 'known', 'spread', 'warming', 'statement', 'global', 'companies']
2021-10-28 11:59:05,002 RSS NLP: Done with inserting tag NO NLP: example: rss_nlp
2021-10-28 11:59:05,002 Done retrieving news from sites
2021-10-28 11:59:05,003 delete is done is :False
2021-10-28 11:59:05,245 0 articles has jumped because similar articles already exists
2021-10-28 11:59:05,246 Done with populating the model
2021-10-28 12:16:12,340 Initializing SNETnews. Conf file: ./news.ini
2021-10-28 12:16:12,341 Done with configuration for Article section MIN word cout: 30
2021-10-28 12:16:12,341 Done with configuration for Sources setion: Memoize artices :False
2021-10-28 12:16:12,342 Done with configuration for MISC: OP MODE 3
2021-10-28 12:16:12,342  Done with configuration for number of sites: 10
2021-10-28 12:16:12,342  Done with configuration for RSS feed list: 1
2021-10-28 12:16:12,342 Done Initialization
2021-10-28 12:16:19,095 Initializing SNETnews. Conf file: ./news.ini
2021-10-28 12:16:19,096 Done with configuration for Article section MIN word cout: 30
2021-10-28 12:16:19,096 Done with configuration for Sources setion: Memoize artices :False
2021-10-28 12:16:19,096 Done with configuration for MISC: OP MODE 3
2021-10-28 12:16:19,096  Done with configuration for number of sites: 10
2021-10-28 12:16:19,097  Done with configuration for RSS feed list: 1
2021-10-28 12:16:19,097 Done Initialization
2021-10-28 12:24:12,494 Initializing SNETnews. Conf file: ./news.ini
2021-10-28 12:24:12,495 Done with configuration for Article section MIN word cout: 30
2021-10-28 12:24:12,496 Done with configuration for Sources setion: Memoize artices :False
2021-10-28 12:24:12,496 Done with configuration for MISC: OP MODE 3
2021-10-28 12:24:12,496  Done with configuration for number of sites: 10
2021-10-28 12:24:12,496  Done with configuration for RSS feed list: 1
2021-10-28 12:24:12,496 Done Initialization
2021-10-28 12:24:14,001 Initializing SNETnews. Conf file: ./news.ini
2021-10-28 12:24:14,002 Done with configuration for Article section MIN word cout: 30
2021-10-28 12:24:14,002 Done with configuration for Sources setion: Memoize artices :False
2021-10-28 12:24:14,002 Done with configuration for MISC: OP MODE 3
2021-10-28 12:24:14,002  Done with configuration for number of sites: 10
2021-10-28 12:24:14,002  Done with configuration for RSS feed list: 1
2021-10-28 12:24:14,002 Done Initialization
2021-10-28 12:24:19,583 Initializing SNETnews. Conf file: ./news.ini
2021-10-28 12:24:19,584 Done with configuration for Article section MIN word cout: 30
2021-10-28 12:24:19,584 Done with configuration for Sources setion: Memoize artices :False
2021-10-28 12:24:19,584 Done with configuration for MISC: OP MODE 3
2021-10-28 12:24:19,584  Done with configuration for number of sites: 10
2021-10-28 12:24:19,584  Done with configuration for RSS feed list: 1
2021-10-28 12:24:19,585 Done Initialization
2021-10-28 12:26:42,108 Initializing SNETnews. Conf file: ./news.ini
2021-10-28 12:26:42,109 Done with configuration for Article section MIN word cout: 30
2021-10-28 12:26:42,109 Done with configuration for Sources setion: Memoize artices :False
2021-10-28 12:26:42,109 Done with configuration for MISC: OP MODE 3
2021-10-28 12:26:42,109  Done with configuration for number of sites: 10
2021-10-28 12:26:42,109  Done with configuration for RSS feed list: 1
2021-10-28 12:26:42,109 Done Initialization
2021-10-28 12:46:18,368 Initializing SNETnews. Conf file: ./news.ini
2021-10-28 12:46:18,369 Done with configuration for Article section MIN word cout: 30
2021-10-28 12:46:18,369 Done with configuration for Sources setion: Memoize artices :False
2021-10-28 12:46:18,370 Done with configuration for MISC: OP MODE 3
2021-10-28 12:46:18,370  Done with configuration for number of sites: 10
2021-10-28 12:46:18,370  Done with configuration for RSS feed list: 1
2021-10-28 12:46:18,370 Done Initialization
2021-10-28 12:46:23,885 Initializing SNETnews. Conf file: ./news.ini
2021-10-28 12:46:23,886 Done with configuration for Article section MIN word cout: 30
2021-10-28 12:46:23,886 Done with configuration for Sources setion: Memoize artices :False
2021-10-28 12:46:23,886 Done with configuration for MISC: OP MODE 3
2021-10-28 12:46:23,887  Done with configuration for number of sites: 10
2021-10-28 12:46:23,887  Done with configuration for RSS feed list: 1
2021-10-28 12:46:23,887 Done Initialization
2021-10-28 12:49:06,170 Initializing SNETnews. Conf file: ./news.ini
2021-10-28 12:49:06,171 Done with configuration for Article section MIN word cout: 30
2021-10-28 12:49:06,171 Done with configuration for Sources setion: Memoize artices :False
2021-10-28 12:49:06,171 Done with configuration for MISC: OP MODE 3
2021-10-28 12:49:06,171  Done with configuration for number of sites: 10
2021-10-28 12:49:06,171  Done with configuration for RSS feed list: 1
2021-10-28 12:49:06,172 Done Initialization
2021-10-28 12:49:08,374 Initializing SNETnews. Conf file: ./news.ini
2021-10-28 12:49:08,375 Done with configuration for Article section MIN word cout: 30
2021-10-28 12:49:08,375 Done with configuration for Sources setion: Memoize artices :False
2021-10-28 12:49:08,376 Done with configuration for MISC: OP MODE 3
2021-10-28 12:49:08,376  Done with configuration for number of sites: 10
2021-10-28 12:49:08,376  Done with configuration for RSS feed list: 1
2021-10-28 12:49:08,376 Done Initialization
2021-10-28 12:51:03,822 Initializing SNETnews. Conf file: ./news.ini
2021-10-28 12:51:03,823 Done with configuration for Article section MIN word cout: 30
2021-10-28 12:51:03,823 Done with configuration for Sources setion: Memoize artices :False
2021-10-28 12:51:03,823 Done with configuration for MISC: OP MODE 3
2021-10-28 12:51:03,823  Done with configuration for number of sites: 10
2021-10-28 12:51:03,823  Done with configuration for RSS feed list: 1
2021-10-28 12:51:03,823 Done Initialization
2021-10-28 12:51:06,149 Initializing SNETnews. Conf file: ./news.ini
2021-10-28 12:51:06,150 Done with configuration for Article section MIN word cout: 30
2021-10-28 12:51:06,151 Done with configuration for Sources setion: Memoize artices :False
2021-10-28 12:51:06,151 Done with configuration for MISC: OP MODE 3
2021-10-28 12:51:06,151  Done with configuration for number of sites: 10
2021-10-28 12:51:06,151  Done with configuration for RSS feed list: 1
2021-10-28 12:51:06,151 Done Initialization
2021-10-28 12:52:37,591 Initializing SNETnews. Conf file: ./news.ini
2021-10-28 12:52:37,592 Done with configuration for Article section MIN word cout: 30
2021-10-28 12:52:37,592 Done with configuration for Sources setion: Memoize artices :False
2021-10-28 12:52:37,592 Done with configuration for MISC: OP MODE 3
2021-10-28 12:52:37,592  Done with configuration for number of sites: 10
2021-10-28 12:52:37,592  Done with configuration for RSS feed list: 1
2021-10-28 12:52:37,592 Done Initialization
2021-10-28 12:52:38,829 Initializing SNETnews. Conf file: ./news.ini
2021-10-28 12:52:38,830 Done with configuration for Article section MIN word cout: 30
2021-10-28 12:52:38,831 Done with configuration for Sources setion: Memoize artices :False
2021-10-28 12:52:38,831 Done with configuration for MISC: OP MODE 3
2021-10-28 12:52:38,831  Done with configuration for number of sites: 10
2021-10-28 12:52:38,831  Done with configuration for RSS feed list: 1
2021-10-28 12:52:38,831 Done Initialization
2021-10-28 12:52:44,903 Initializing SNETnews. Conf file: ./news.ini
2021-10-28 12:52:44,904 Done with configuration for Article section MIN word cout: 30
2021-10-28 12:52:44,904 Done with configuration for Sources setion: Memoize artices :False
2021-10-28 12:52:44,904 Done with configuration for MISC: OP MODE 3
2021-10-28 12:52:44,904  Done with configuration for number of sites: 10
2021-10-28 12:52:44,905  Done with configuration for RSS feed list: 1
2021-10-28 12:52:44,905 Done Initialization
2021-10-28 12:55:35,954 Initializing SNETnews. Conf file: ./news.ini
2021-10-28 12:55:35,955 Done with configuration for Article section MIN word cout: 30
2021-10-28 12:55:35,956 Done with configuration for Sources setion: Memoize artices :False
2021-10-28 12:55:35,956 Done with configuration for MISC: OP MODE 3
2021-10-28 12:55:35,956  Done with configuration for number of sites: 10
2021-10-28 12:55:35,956  Done with configuration for RSS feed list: 1
2021-10-28 12:55:35,956 Done Initialization
2021-10-28 13:06:57,921 Initializing SNETnews. Conf file: ./news.ini
2021-10-28 13:06:57,922 Done with configuration for Article section MIN word cout: 30
2021-10-28 13:06:57,922 Done with configuration for Sources setion: Memoize artices :False
2021-10-28 13:06:57,922 Done with configuration for MISC: OP MODE 3
2021-10-28 13:06:57,922  Done with configuration for number of sites: 10
2021-10-28 13:06:57,922  Done with configuration for RSS feed list: 1
2021-10-28 13:06:57,922 Done Initialization
2021-10-28 13:07:03,444 Initializing SNETnews. Conf file: ./news.ini
2021-10-28 13:07:03,445 Done with configuration for Article section MIN word cout: 30
2021-10-28 13:07:03,445 Done with configuration for Sources setion: Memoize artices :False
2021-10-28 13:07:03,445 Done with configuration for MISC: OP MODE 3
2021-10-28 13:07:03,445  Done with configuration for number of sites: 10
2021-10-28 13:07:03,445  Done with configuration for RSS feed list: 1
2021-10-28 13:07:03,445 Done Initialization
2021-10-28 13:09:20,528 Initializing SNETnews. Conf file: ./news.ini
2021-10-28 13:09:20,528 Done with configuration for Article section MIN word cout: 30
2021-10-28 13:09:20,529 Done with configuration for Sources setion: Memoize artices :False
2021-10-28 13:09:20,529 Done with configuration for MISC: OP MODE 3
2021-10-28 13:09:20,529  Done with configuration for number of sites: 10
2021-10-28 13:09:20,529  Done with configuration for RSS feed list: 1
2021-10-28 13:09:20,529 Done Initialization
2021-10-28 13:09:27,233 Initializing SNETnews. Conf file: ./news.ini
2021-10-28 13:09:27,234 Done with configuration for Article section MIN word cout: 30
2021-10-28 13:09:27,234 Done with configuration for Sources setion: Memoize artices :False
2021-10-28 13:09:27,234 Done with configuration for MISC: OP MODE 3
2021-10-28 13:09:27,234  Done with configuration for number of sites: 10
2021-10-28 13:09:27,234  Done with configuration for RSS feed list: 1
2021-10-28 13:09:27,234 Done Initialization
2021-10-28 13:09:29,971 Initializing SNETnews. Conf file: ./news.ini
2021-10-28 13:09:29,972 Done with configuration for Article section MIN word cout: 30
2021-10-28 13:09:29,973 Done with configuration for Sources setion: Memoize artices :False
2021-10-28 13:09:29,973 Done with configuration for MISC: OP MODE 3
2021-10-28 13:09:29,973  Done with configuration for number of sites: 10
2021-10-28 13:09:29,973  Done with configuration for RSS feed list: 1
2021-10-28 13:09:29,973 Done Initialization
2021-10-28 13:13:56,886 Initializing SNETnews. Conf file: ./news.ini
2021-10-28 13:13:56,887 Done with configuration for Article section MIN word cout: 30
2021-10-28 13:13:56,887 Done with configuration for Sources setion: Memoize artices :False
2021-10-28 13:13:56,887 Done with configuration for MISC: OP MODE 3
2021-10-28 13:13:56,887  Done with configuration for number of sites: 10
2021-10-28 13:13:56,887  Done with configuration for RSS feed list: 1
2021-10-28 13:13:56,887 Done Initialization
2021-10-28 13:14:01,685 Initializing SNETnews. Conf file: ./news.ini
2021-10-28 13:14:01,686 Done with configuration for Article section MIN word cout: 30
2021-10-28 13:14:01,686 Done with configuration for Sources setion: Memoize artices :False
2021-10-28 13:14:01,686 Done with configuration for MISC: OP MODE 3
2021-10-28 13:14:01,686  Done with configuration for number of sites: 10
2021-10-28 13:14:01,686  Done with configuration for RSS feed list: 1
2021-10-28 13:14:01,686 Done Initialization
2021-10-28 13:14:06,005 Initializing SNETnews. Conf file: ./news.ini
2021-10-28 13:14:06,006 Done with configuration for Article section MIN word cout: 30
2021-10-28 13:14:06,006 Done with configuration for Sources setion: Memoize artices :False
2021-10-28 13:14:06,006 Done with configuration for MISC: OP MODE 3
2021-10-28 13:14:06,006  Done with configuration for number of sites: 10
2021-10-28 13:14:06,006  Done with configuration for RSS feed list: 1
2021-10-28 13:14:06,007 Done Initialization
2021-10-28 14:45:31,169 Initializing SNETnews. Conf file: ./news.ini
2021-10-28 14:45:31,170 Done with configuration for Article section MIN word cout: 30
2021-10-28 14:45:31,170 Done with configuration for Sources setion: Memoize artices :False
2021-10-28 14:45:31,170 Done with configuration for MISC: OP MODE 3
2021-10-28 14:45:31,170  Done with configuration for number of sites: 10
2021-10-28 14:45:31,170  Done with configuration for RSS feed list: 1
2021-10-28 14:45:31,170 Done Initialization
2021-10-28 14:45:36,689 Initializing SNETnews. Conf file: ./news.ini
2021-10-28 14:45:36,690 Done with configuration for Article section MIN word cout: 30
2021-10-28 14:45:36,690 Done with configuration for Sources setion: Memoize artices :False
2021-10-28 14:45:36,690 Done with configuration for MISC: OP MODE 3
2021-10-28 14:45:36,690  Done with configuration for number of sites: 10
2021-10-28 14:45:36,691  Done with configuration for RSS feed list: 1
2021-10-28 14:45:36,691 Done Initialization
2021-10-28 14:45:41,418 Initializing SNETnews. Conf file: ./news.ini
2021-10-28 14:45:41,419 Done with configuration for Article section MIN word cout: 30
2021-10-28 14:45:41,419 Done with configuration for Sources setion: Memoize artices :False
2021-10-28 14:45:41,419 Done with configuration for MISC: OP MODE 3
2021-10-28 14:45:41,419  Done with configuration for number of sites: 10
2021-10-28 14:45:41,419  Done with configuration for RSS feed list: 1
2021-10-28 14:45:41,419 Done Initialization
